2020-09-03 10:31:34 INFO  GetUserTest:51 - Making GET API call to get single user
2020-09-03 10:31:36 DEBUG BasicClientConnectionManager:160 - Get connection for route {s}->https://reqres.in:443
2020-09-03 10:31:40 DEBUG DefaultClientConnectionOperator:174 - Connecting to reqres.in:443
2020-09-03 10:31:41 DEBUG RequestAddCookies:122 - CookieSpec selected: ignoreCookies
2020-09-03 10:31:41 DEBUG RequestAuthCache:76 - Auth cache not set in the context
2020-09-03 10:31:41 DEBUG RequestTargetAuthentication:78 - Target auth state: UNCHALLENGED
2020-09-03 10:31:41 DEBUG RequestProxyAuthentication:87 - Proxy auth state: UNCHALLENGED
2020-09-03 10:31:41 DEBUG DefaultHttpClient:683 - Attempt 1 to execute request
2020-09-03 10:31:41 DEBUG DefaultClientConnection:268 - Sending request: GET /api/users/2 HTTP/1.1
2020-09-03 10:31:41 DEBUG wire:72 -  >> "GET /api/users/2 HTTP/1.1[\r][\n]"
2020-09-03 10:31:41 DEBUG wire:72 -  >> "Accept: */*[\r][\n]"
2020-09-03 10:31:41 DEBUG wire:72 -  >> "Content-Length: 0[\r][\n]"
2020-09-03 10:31:41 DEBUG wire:72 -  >> "Host: reqres.in[\r][\n]"
2020-09-03 10:31:41 DEBUG wire:72 -  >> "Connection: Keep-Alive[\r][\n]"
2020-09-03 10:31:41 DEBUG wire:72 -  >> "User-Agent: Apache-HttpClient/4.5.1 (Java/1.8.0_191)[\r][\n]"
2020-09-03 10:31:41 DEBUG wire:72 -  >> "Accept-Encoding: gzip,deflate[\r][\n]"
2020-09-03 10:31:41 DEBUG wire:72 -  >> "[\r][\n]"
2020-09-03 10:31:41 DEBUG headers:272 - >> GET /api/users/2 HTTP/1.1
2020-09-03 10:31:41 DEBUG headers:275 - >> Accept: */*
2020-09-03 10:31:41 DEBUG headers:275 - >> Content-Length: 0
2020-09-03 10:31:41 DEBUG headers:275 - >> Host: reqres.in
2020-09-03 10:31:41 DEBUG headers:275 - >> Connection: Keep-Alive
2020-09-03 10:31:41 DEBUG headers:275 - >> User-Agent: Apache-HttpClient/4.5.1 (Java/1.8.0_191)
2020-09-03 10:31:41 DEBUG headers:275 - >> Accept-Encoding: gzip,deflate
2020-09-03 10:31:41 DEBUG wire:72 -  << "HTTP/1.1 200 OK[\r][\n]"
2020-09-03 10:31:41 DEBUG wire:72 -  << "Date: Thu, 03 Sep 2020 04:59:16 GMT[\r][\n]"
2020-09-03 10:31:41 DEBUG wire:72 -  << "Content-Type: application/json; charset=utf-8[\r][\n]"
2020-09-03 10:31:41 DEBUG wire:72 -  << "Transfer-Encoding: chunked[\r][\n]"
2020-09-03 10:31:41 DEBUG wire:72 -  << "Connection: keep-alive[\r][\n]"
2020-09-03 10:31:41 DEBUG wire:72 -  << "Set-Cookie: __cfduid=d55e834b5e32a5686b8cf74dd85deac041599109156; expires=Sat, 03-Oct-20 04:59:16 GMT; path=/; domain=.reqres.in; HttpOnly; SameSite=Lax; Secure[\r][\n]"
2020-09-03 10:31:41 DEBUG wire:72 -  << "X-Powered-By: Express[\r][\n]"
2020-09-03 10:31:41 DEBUG wire:72 -  << "Access-Control-Allow-Origin: *[\r][\n]"
2020-09-03 10:31:41 DEBUG wire:72 -  << "Etag: W/"173-1Z8bn0V7UjH6FK7NCaza1ccWXQk"[\r][\n]"
2020-09-03 10:31:41 DEBUG wire:72 -  << "Via: 1.1 vegur[\r][\n]"
2020-09-03 10:31:41 DEBUG wire:72 -  << "Cache-Control: max-age=14400[\r][\n]"
2020-09-03 10:31:41 DEBUG wire:72 -  << "CF-Cache-Status: HIT[\r][\n]"
2020-09-03 10:31:41 DEBUG wire:72 -  << "Age: 1567[\r][\n]"
2020-09-03 10:31:41 DEBUG wire:72 -  << "cf-request-id: 04f3ee66c90000df67633ad200000001[\r][\n]"
2020-09-03 10:31:41 DEBUG wire:72 -  << "Expect-CT: max-age=604800, report-uri="https://report-uri.cloudflare.com/cdn-cgi/beacon/expect-ct"[\r][\n]"
2020-09-03 10:31:41 DEBUG wire:72 -  << "Vary: Accept-Encoding[\r][\n]"
2020-09-03 10:31:41 DEBUG wire:72 -  << "Server: cloudflare[\r][\n]"
2020-09-03 10:31:41 DEBUG wire:72 -  << "CF-RAY: 5ccce6847dd1df67-BOM[\r][\n]"
2020-09-03 10:31:41 DEBUG wire:72 -  << "Content-Encoding: gzip[\r][\n]"
2020-09-03 10:31:41 DEBUG wire:72 -  << "[\r][\n]"
2020-09-03 10:31:41 DEBUG DefaultClientConnection:253 - Receiving response: HTTP/1.1 200 OK
2020-09-03 10:31:41 DEBUG headers:256 - << HTTP/1.1 200 OK
2020-09-03 10:31:41 DEBUG headers:259 - << Date: Thu, 03 Sep 2020 04:59:16 GMT
2020-09-03 10:31:41 DEBUG headers:259 - << Content-Type: application/json; charset=utf-8
2020-09-03 10:31:41 DEBUG headers:259 - << Transfer-Encoding: chunked
2020-09-03 10:31:41 DEBUG headers:259 - << Connection: keep-alive
2020-09-03 10:31:41 DEBUG headers:259 - << Set-Cookie: __cfduid=d55e834b5e32a5686b8cf74dd85deac041599109156; expires=Sat, 03-Oct-20 04:59:16 GMT; path=/; domain=.reqres.in; HttpOnly; SameSite=Lax; Secure
2020-09-03 10:31:41 DEBUG headers:259 - << X-Powered-By: Express
2020-09-03 10:31:41 DEBUG headers:259 - << Access-Control-Allow-Origin: *
2020-09-03 10:31:41 DEBUG headers:259 - << Etag: W/"173-1Z8bn0V7UjH6FK7NCaza1ccWXQk"
2020-09-03 10:31:41 DEBUG headers:259 - << Via: 1.1 vegur
2020-09-03 10:31:41 DEBUG headers:259 - << Cache-Control: max-age=14400
2020-09-03 10:31:41 DEBUG headers:259 - << CF-Cache-Status: HIT
2020-09-03 10:31:41 DEBUG headers:259 - << Age: 1567
2020-09-03 10:31:41 DEBUG headers:259 - << cf-request-id: 04f3ee66c90000df67633ad200000001
2020-09-03 10:31:41 DEBUG headers:259 - << Expect-CT: max-age=604800, report-uri="https://report-uri.cloudflare.com/cdn-cgi/beacon/expect-ct"
2020-09-03 10:31:41 DEBUG headers:259 - << Vary: Accept-Encoding
2020-09-03 10:31:41 DEBUG headers:259 - << Server: cloudflare
2020-09-03 10:31:41 DEBUG headers:259 - << CF-RAY: 5ccce6847dd1df67-BOM
2020-09-03 10:31:41 DEBUG headers:259 - << Content-Encoding: gzip
2020-09-03 10:31:41 DEBUG DefaultHttpClient:510 - Connection can be kept alive indefinitely
2020-09-03 10:31:41 DEBUG RequestSpecificationImpl$RestAssuredHttpBuilder:543 - Parsing response as: application/json; charset=utf-8
2020-09-03 10:31:41 DEBUG wire:72 -  << "111[\r][\n]"
2020-09-03 10:31:41 DEBUG wire:86 -  << "[0x1f]"
2020-09-03 10:31:41 DEBUG wire:86 -  << "[0x8b]"
2020-09-03 10:31:41 DEBUG wire:86 -  << "[0x8]"
2020-09-03 10:31:41 DEBUG wire:86 -  << "[0x0]"
2020-09-03 10:31:41 DEBUG wire:86 -  << "[0x0][0x0][0x0][0x0][0x0][0x3]"
2020-09-03 10:31:41 DEBUG RequestSpecificationImpl$RestAssuredHttpBuilder:546 - Parsed data to instance of: class org.apache.http.conn.EofSensorInputStream
2020-09-03 10:31:41 DEBUG wire:72 -  << "E[0x8e]?O[0xc3]@[0xc][0xc5][0xbf][0x8a][0xe5][0xf9][0x94][0x8]X[0xd0]M 6V[0x86][0x8e][0xc8][0xba]s[0x92]k[0x13]_[0xb0][0x9d][0x84]R[0xf5][0xbb][0xa3][0xb4]H,ox[0xf4]{[0x17][0xcc][0xe4][0x84][0xf1][0x82]%c|[0xc][0xc8][0x13][0x95][0x11]#[0x1e]I[0xd8][0x9b][0x8d]ie}Q[0xfe]R[0xb6][0xa6][0x8][0x6][0xec][0x8a][0x9a][\n]"
2020-09-03 10:31:41 DEBUG wire:72 -  << "M[0x8c][0x11][0xdf][0xf7][0x16][0x6][0x1c][0xe9][0xdf];[0xdc]6[0x18][0x90]VrR[0x8c]8[0xb8][0xcf][0x16][0xdb][0xd6][0x9e][0x1a][0x9a][0xe8][0xa7][\n]"
2020-09-03 10:31:41 DEBUG wire:86 -  << "m[0xd6][0xa4]:[0xb5]K[0xe9]([0xb1][0xb5]w[0xf5][0xad][0xb8][0xb3][0xb6][0xc7]j<[0xf][0xe6]\[0xa4]}x|n[0x8e]s[0x8f][0xd7][0x80][0x94][0xf7][0x9b][0xa9]N3[0xc9][0x19]#~8[0xf9]bo53[0x1c][0x98]O[0xe3][0x19][0x3].:[0xfe][0xf1]v[0xdc][0xad][0x90]j[0xe6][0xa6]j[0xdf]b@[0xe7]o[0xc7][0x88][0xaf][0xb0][0xdd][0x6] [0xbc][0xd9][0xc8];[0x14][0xba][0x9a][0x16]+[0xd2]C[0x15][0xb0][0xda][0xf9]F[0xca][0x90]y[0xe5][0xb1][0xce][0x13][0x8b][0x7]([0xd2])[0x99][0xeb][0x92]|Q[0xe][0xe0][0x3][0x83][0xb1][0xae][0xac][0x1]f[0xd6][0xae][0xea]D[0x92]8[0x0]I[0xbe][0x87]N[0xe9][0x4],[0x19]j[0x7]>[0x14][0xe9][0xad][0xc1][0xeb][0xf5][0x17]+[0xf5][0xf]us[0x1][0x0][0x0]"
2020-09-03 10:31:41 DEBUG wire:72 -  << "[\r][\n]"
2020-09-03 10:31:41 DEBUG wire:72 -  << "0[\r][\n]"
2020-09-03 10:31:41 DEBUG wire:72 -  << "[\r][\n]"
2020-09-03 10:31:41 DEBUG BasicClientConnectionManager:198 - Releasing connection org.apache.http.impl.conn.ManagedClientConnectionImpl@18245eb0
2020-09-03 10:31:41 DEBUG BasicClientConnectionManager:223 - Connection can be kept alive indefinitely
2020-09-03 10:31:42 INFO  VerificationManager:251 - PASS : Verify firstname of user Actual value : Janet is same as Expected value: Janet
2020-09-03 10:31:42 INFO  VerificationManager:251 - PASS : Verify lastname of user Actual value : Weaver is same as Expected value: Weaver
2020-09-03 10:34:08 INFO  TestNGEngineForDesiredSuites:51 - INFO: The value found with Environment variable Atmecs is: Atmecs
2020-09-03 10:34:08 INFO  TestNGEngineForDesiredSuites:51 - INFO: The value found with Environment Module variable sample is: sample
2020-09-03 10:34:08 INFO  TestNGEngineForDesiredSuites:51 - INFO: Suites requested from user [Atmecs-sample]
2020-09-03 10:34:08 DEBUG SimpleXMLErrorHandler:40 - Fatal Error in Parsing XML Doucment. XML is not well formed: The markup declarations contained or pointed to by the document type declaration must be well-formed.
2020-09-03 10:35:27 INFO  TestNGEngineForDesiredSuites:51 - INFO: The value found with Environment variable Atmecs is: Atmecs
2020-09-03 10:35:27 INFO  TestNGEngineForDesiredSuites:51 - INFO: The value found with Environment Module variable sample is: sample
2020-09-03 10:35:27 INFO  TestNGEngineForDesiredSuites:51 - INFO: Suites requested from user [Atmecs-sample]
2020-09-03 10:36:06 INFO  TestNGEngineForDesiredSuites:51 - INFO: The value found with Environment variable Atmecs is: Atmecs
2020-09-03 10:36:06 INFO  TestNGEngineForDesiredSuites:51 - INFO: The value found with Environment Module variable sample is: sample
2020-09-03 10:36:06 INFO  TestNGEngineForDesiredSuites:51 - INFO: Suites requested from user [Atmecs-sample]
2020-09-03 10:36:07 INFO  TestNGEngineForDesiredSuites:51 - INFO: Building suite for client: Atmecs

2020-09-03 10:36:07 INFO  TestNGEngineForDesiredSuites:51 - INFO: New Suite Created with name: Atmecs-module-name
2020-09-03 10:36:07 INFO  TestNGEngineForDesiredSuites:51 - <?xml version="1.0" encoding="UTF-8"?>
<!DOCTYPE suite SYSTEM "http://testng.org/testng-1.0.dtd">
<suite name="Atmecs-module-name">
  <test name="SampleTestCase">
    <classes>
      <class name="io.example.test.falcon_api_demo.testscript.GetUserTest"/>
    </classes>
  </test> <!-- SampleTestCase -->
</suite> <!-- Atmecs-module-name -->

2020-09-03 10:36:07 INFO  GetUserTest:51 - Making GET API call to get single user
2020-09-03 10:36:09 DEBUG BasicClientConnectionManager:160 - Get connection for route {s}->https://reqres.in:443
2020-09-03 10:36:09 DEBUG DefaultClientConnectionOperator:174 - Connecting to reqres.in:443
2020-09-03 10:36:09 DEBUG RequestAddCookies:122 - CookieSpec selected: ignoreCookies
2020-09-03 10:36:09 DEBUG RequestAuthCache:76 - Auth cache not set in the context
2020-09-03 10:36:10 DEBUG RequestTargetAuthentication:78 - Target auth state: UNCHALLENGED
2020-09-03 10:36:10 DEBUG RequestProxyAuthentication:87 - Proxy auth state: UNCHALLENGED
2020-09-03 10:36:10 DEBUG DefaultHttpClient:683 - Attempt 1 to execute request
2020-09-03 10:36:10 DEBUG DefaultClientConnection:268 - Sending request: GET /api/users/2 HTTP/1.1
2020-09-03 10:36:10 DEBUG wire:72 -  >> "GET /api/users/2 HTTP/1.1[\r][\n]"
2020-09-03 10:36:10 DEBUG wire:72 -  >> "Accept: */*[\r][\n]"
2020-09-03 10:36:10 DEBUG wire:72 -  >> "Content-Length: 0[\r][\n]"
2020-09-03 10:36:10 DEBUG wire:72 -  >> "Host: reqres.in[\r][\n]"
2020-09-03 10:36:10 DEBUG wire:72 -  >> "Connection: Keep-Alive[\r][\n]"
2020-09-03 10:36:10 DEBUG wire:72 -  >> "User-Agent: Apache-HttpClient/4.5.1 (Java/1.8.0_191)[\r][\n]"
2020-09-03 10:36:10 DEBUG wire:72 -  >> "Accept-Encoding: gzip,deflate[\r][\n]"
2020-09-03 10:36:10 DEBUG wire:72 -  >> "[\r][\n]"
2020-09-03 10:36:10 DEBUG headers:272 - >> GET /api/users/2 HTTP/1.1
2020-09-03 10:36:10 DEBUG headers:275 - >> Accept: */*
2020-09-03 10:36:10 DEBUG headers:275 - >> Content-Length: 0
2020-09-03 10:36:10 DEBUG headers:275 - >> Host: reqres.in
2020-09-03 10:36:10 DEBUG headers:275 - >> Connection: Keep-Alive
2020-09-03 10:36:10 DEBUG headers:275 - >> User-Agent: Apache-HttpClient/4.5.1 (Java/1.8.0_191)
2020-09-03 10:36:10 DEBUG headers:275 - >> Accept-Encoding: gzip,deflate
2020-09-03 10:36:10 DEBUG wire:72 -  << "HTTP/1.1 200 OK[\r][\n]"
2020-09-03 10:36:10 DEBUG wire:72 -  << "Date: Thu, 03 Sep 2020 05:03:45 GMT[\r][\n]"
2020-09-03 10:36:10 DEBUG wire:72 -  << "Content-Type: application/json; charset=utf-8[\r][\n]"
2020-09-03 10:36:10 DEBUG wire:72 -  << "Transfer-Encoding: chunked[\r][\n]"
2020-09-03 10:36:10 DEBUG wire:72 -  << "Connection: keep-alive[\r][\n]"
2020-09-03 10:36:10 DEBUG wire:72 -  << "Set-Cookie: __cfduid=d0e8916252282b4fc576e52d7807ed0bd1599109425; expires=Sat, 03-Oct-20 05:03:45 GMT; path=/; domain=.reqres.in; HttpOnly; SameSite=Lax; Secure[\r][\n]"
2020-09-03 10:36:10 DEBUG wire:72 -  << "X-Powered-By: Express[\r][\n]"
2020-09-03 10:36:10 DEBUG wire:72 -  << "Access-Control-Allow-Origin: *[\r][\n]"
2020-09-03 10:36:10 DEBUG wire:72 -  << "Etag: W/"173-1Z8bn0V7UjH6FK7NCaza1ccWXQk"[\r][\n]"
2020-09-03 10:36:10 DEBUG wire:72 -  << "Via: 1.1 vegur[\r][\n]"
2020-09-03 10:36:10 DEBUG wire:72 -  << "Cache-Control: max-age=14400[\r][\n]"
2020-09-03 10:36:10 DEBUG wire:72 -  << "CF-Cache-Status: HIT[\r][\n]"
2020-09-03 10:36:10 DEBUG wire:72 -  << "Age: 1836[\r][\n]"
2020-09-03 10:36:10 DEBUG wire:72 -  << "cf-request-id: 04f3f280d80000e14eb49e2200000001[\r][\n]"
2020-09-03 10:36:10 DEBUG wire:72 -  << "Expect-CT: max-age=604800, report-uri="https://report-uri.cloudflare.com/cdn-cgi/beacon/expect-ct"[\r][\n]"
2020-09-03 10:36:10 DEBUG wire:72 -  << "Vary: Accept-Encoding[\r][\n]"
2020-09-03 10:36:10 DEBUG wire:72 -  << "Server: cloudflare[\r][\n]"
2020-09-03 10:36:10 DEBUG wire:72 -  << "CF-RAY: 5ccced148adce14e-BOM[\r][\n]"
2020-09-03 10:36:10 DEBUG wire:72 -  << "Content-Encoding: gzip[\r][\n]"
2020-09-03 10:36:10 DEBUG wire:72 -  << "[\r][\n]"
2020-09-03 10:36:10 DEBUG DefaultClientConnection:253 - Receiving response: HTTP/1.1 200 OK
2020-09-03 10:36:10 DEBUG headers:256 - << HTTP/1.1 200 OK
2020-09-03 10:36:10 DEBUG headers:259 - << Date: Thu, 03 Sep 2020 05:03:45 GMT
2020-09-03 10:36:10 DEBUG headers:259 - << Content-Type: application/json; charset=utf-8
2020-09-03 10:36:10 DEBUG headers:259 - << Transfer-Encoding: chunked
2020-09-03 10:36:10 DEBUG headers:259 - << Connection: keep-alive
2020-09-03 10:36:10 DEBUG headers:259 - << Set-Cookie: __cfduid=d0e8916252282b4fc576e52d7807ed0bd1599109425; expires=Sat, 03-Oct-20 05:03:45 GMT; path=/; domain=.reqres.in; HttpOnly; SameSite=Lax; Secure
2020-09-03 10:36:10 DEBUG headers:259 - << X-Powered-By: Express
2020-09-03 10:36:10 DEBUG headers:259 - << Access-Control-Allow-Origin: *
2020-09-03 10:36:10 DEBUG headers:259 - << Etag: W/"173-1Z8bn0V7UjH6FK7NCaza1ccWXQk"
2020-09-03 10:36:10 DEBUG headers:259 - << Via: 1.1 vegur
2020-09-03 10:36:10 DEBUG headers:259 - << Cache-Control: max-age=14400
2020-09-03 10:36:10 DEBUG headers:259 - << CF-Cache-Status: HIT
2020-09-03 10:36:10 DEBUG headers:259 - << Age: 1836
2020-09-03 10:36:10 DEBUG headers:259 - << cf-request-id: 04f3f280d80000e14eb49e2200000001
2020-09-03 10:36:10 DEBUG headers:259 - << Expect-CT: max-age=604800, report-uri="https://report-uri.cloudflare.com/cdn-cgi/beacon/expect-ct"
2020-09-03 10:36:10 DEBUG headers:259 - << Vary: Accept-Encoding
2020-09-03 10:36:10 DEBUG headers:259 - << Server: cloudflare
2020-09-03 10:36:10 DEBUG headers:259 - << CF-RAY: 5ccced148adce14e-BOM
2020-09-03 10:36:10 DEBUG headers:259 - << Content-Encoding: gzip
2020-09-03 10:36:10 DEBUG DefaultHttpClient:510 - Connection can be kept alive indefinitely
2020-09-03 10:36:10 DEBUG RequestSpecificationImpl$RestAssuredHttpBuilder:543 - Parsing response as: application/json; charset=utf-8
2020-09-03 10:36:10 DEBUG wire:72 -  << "111[\r][\n]"
2020-09-03 10:36:10 DEBUG wire:86 -  << "[0x1f]"
2020-09-03 10:36:10 DEBUG wire:86 -  << "[0x8b]"
2020-09-03 10:36:10 DEBUG wire:86 -  << "[0x8]"
2020-09-03 10:36:10 DEBUG wire:86 -  << "[0x0]"
2020-09-03 10:36:10 DEBUG wire:86 -  << "[0x0][0x0][0x0][0x0][0x0][0x3]"
2020-09-03 10:36:10 DEBUG RequestSpecificationImpl$RestAssuredHttpBuilder:546 - Parsed data to instance of: class org.apache.http.conn.EofSensorInputStream
2020-09-03 10:36:10 DEBUG wire:72 -  << "E[0x8e]?O[0xc3]@[0xc][0xc5][0xbf][0x8a][0xe5][0xf9][0x94][0x8]X[0xd0]M 6V[0x86][0x8e][0xc8][0xba]s[0x92]k[0x13]_[0xb0][0x9d][0x84]R[0xf5][0xbb][0xa3][0xb4]H,ox[0xf4]{[0x17][0xcc][0xe4][0x84][0xf1][0x82]%c|[0xc][0xc8][0x13][0x95][0x11]#[0x1e]I[0xd8][0x9b][0x8d]ie}Q[0xfe]R[0xb6][0xa6][0x8][0x6][0xec][0x8a][0x9a][\n]"
2020-09-03 10:36:10 DEBUG wire:72 -  << "M[0x8c][0x11][0xdf][0xf7][0x16][0x6][0x1c][0xe9][0xdf];[0xdc]6[0x18][0x90]VrR[0x8c]8[0xb8][0xcf][0x16][0xdb][0xd6][0x9e][0x1a][0x9a][0xe8][0xa7][\n]"
2020-09-03 10:36:10 DEBUG wire:86 -  << "m[0xd6][0xa4]:[0xb5]K[0xe9]([0xb1][0xb5]w[0xf5][0xad][0xb8][0xb3][0xb6][0xc7]j<[0xf][0xe6]\[0xa4]}x|n[0x8e]s[0x8f][0xd7][0x80][0x94][0xf7][0x9b][0xa9]N3[0xc9][0x19]#~8[0xf9]bo53[0x1c][0x98]O[0xe3][0x19][0x3].:[0xfe][0xf1]v[0xdc][0xad][0x90]j[0xe6][0xa6]j[0xdf]b@[0xe7]o[0xc7][0x88][0xaf][0xb0][0xdd][0x6] [0xbc][0xd9][0xc8];[0x14][0xba][0x9a][0x16]+[0xd2]C[0x15][0xb0][0xda][0xf9]F[0xca][0x90]y[0xe5][0xb1][0xce][0x13][0x8b][0x7]([0xd2])[0x99][0xeb][0x92]|Q[0xe][0xe0][0x3][0x83][0xb1][0xae][0xac][0x1]f[0xd6][0xae][0xea]D[0x92]8[0x0]I[0xbe][0x87]N[0xe9][0x4],[0x19]j[0x7]>[0x14][0xe9][0xad][0xc1][0xeb][0xf5][0x17]+[0xf5][0xf]us[0x1][0x0][0x0]"
2020-09-03 10:36:10 DEBUG wire:72 -  << "[\r][\n]"
2020-09-03 10:36:10 DEBUG wire:72 -  << "0[\r][\n]"
2020-09-03 10:36:10 DEBUG wire:72 -  << "[\r][\n]"
2020-09-03 10:36:10 DEBUG BasicClientConnectionManager:198 - Releasing connection org.apache.http.impl.conn.ManagedClientConnectionImpl@66fbf6b2
2020-09-03 10:36:10 DEBUG BasicClientConnectionManager:223 - Connection can be kept alive indefinitely
2020-09-03 10:36:11 INFO  VerificationManager:251 - PASS : Verify firstname of user Actual value : Janet is same as Expected value: Janet
2020-09-03 10:36:11 INFO  VerificationManager:251 - PASS : Verify lastname of user Actual value : Weaver is same as Expected value: Weaver
2020-09-03 10:36:11 ERROR TestNGRunner:89 - Results are not uploaded because uploadResults flag is set to false
2020-09-03 10:36:51 INFO  TestNGEngineForDesiredSuites:51 - INFO: The value found with Environment variable Atmecs is: Atmecs
2020-09-03 10:36:51 INFO  TestNGEngineForDesiredSuites:51 - INFO: The value found with Environment Module variable sample is: sample
2020-09-03 10:36:51 INFO  TestNGEngineForDesiredSuites:51 - INFO: Suites requested from user [Atmecs-sample]
2020-09-03 10:36:51 INFO  TestNGEngineForDesiredSuites:51 - INFO: Building suite for client: Atmecs

2020-09-03 10:36:51 INFO  TestNGEngineForDesiredSuites:51 - INFO: New Suite Created with name: Atmecs-module-name
2020-09-03 10:36:51 INFO  TestNGEngineForDesiredSuites:51 - <?xml version="1.0" encoding="UTF-8"?>
<!DOCTYPE suite SYSTEM "http://testng.org/testng-1.0.dtd">
<suite name="Atmecs-module-name">
  <test name="SampleTestCase">
    <classes>
      <class name="io.example.test.falcon_api_demo.testscript.GetUserTest"/>
    </classes>
  </test> <!-- SampleTestCase -->
</suite> <!-- Atmecs-module-name -->

2020-09-03 10:36:58 INFO  GetUserTest:51 - Making GET API call to get single user
2020-09-03 10:37:06 DEBUG BasicClientConnectionManager:160 - Get connection for route {s}->https://reqres.in:443
2020-09-03 10:37:10 DEBUG DefaultClientConnectionOperator:174 - Connecting to reqres.in:443
2020-09-03 10:37:11 DEBUG RequestAddCookies:122 - CookieSpec selected: ignoreCookies
2020-09-03 10:37:11 DEBUG RequestAuthCache:76 - Auth cache not set in the context
2020-09-03 10:37:11 DEBUG RequestTargetAuthentication:78 - Target auth state: UNCHALLENGED
2020-09-03 10:37:11 DEBUG RequestProxyAuthentication:87 - Proxy auth state: UNCHALLENGED
2020-09-03 10:37:11 DEBUG DefaultHttpClient:683 - Attempt 1 to execute request
2020-09-03 10:37:11 DEBUG DefaultClientConnection:268 - Sending request: GET /api/users/2 HTTP/1.1
2020-09-03 10:37:11 DEBUG wire:72 -  >> "GET /api/users/2 HTTP/1.1[\r][\n]"
2020-09-03 10:37:11 DEBUG wire:72 -  >> "Accept: */*[\r][\n]"
2020-09-03 10:37:11 DEBUG wire:72 -  >> "Content-Length: 0[\r][\n]"
2020-09-03 10:37:11 DEBUG wire:72 -  >> "Host: reqres.in[\r][\n]"
2020-09-03 10:37:11 DEBUG wire:72 -  >> "Connection: Keep-Alive[\r][\n]"
2020-09-03 10:37:11 DEBUG wire:72 -  >> "User-Agent: Apache-HttpClient/4.5.1 (Java/1.8.0_191)[\r][\n]"
2020-09-03 10:37:11 DEBUG wire:72 -  >> "Accept-Encoding: gzip,deflate[\r][\n]"
2020-09-03 10:37:11 DEBUG wire:72 -  >> "[\r][\n]"
2020-09-03 10:37:11 DEBUG headers:272 - >> GET /api/users/2 HTTP/1.1
2020-09-03 10:37:11 DEBUG headers:275 - >> Accept: */*
2020-09-03 10:37:11 DEBUG headers:275 - >> Content-Length: 0
2020-09-03 10:37:11 DEBUG headers:275 - >> Host: reqres.in
2020-09-03 10:37:11 DEBUG headers:275 - >> Connection: Keep-Alive
2020-09-03 10:37:11 DEBUG headers:275 - >> User-Agent: Apache-HttpClient/4.5.1 (Java/1.8.0_191)
2020-09-03 10:37:11 DEBUG headers:275 - >> Accept-Encoding: gzip,deflate
2020-09-03 10:37:12 DEBUG wire:72 -  << "HTTP/1.1 200 OK[\r][\n]"
2020-09-03 10:37:12 DEBUG wire:72 -  << "Date: Thu, 03 Sep 2020 05:04:47 GMT[\r][\n]"
2020-09-03 10:37:12 DEBUG wire:72 -  << "Content-Type: application/json; charset=utf-8[\r][\n]"
2020-09-03 10:37:12 DEBUG wire:72 -  << "Transfer-Encoding: chunked[\r][\n]"
2020-09-03 10:37:12 DEBUG wire:72 -  << "Connection: keep-alive[\r][\n]"
2020-09-03 10:37:12 DEBUG wire:72 -  << "Set-Cookie: __cfduid=d422b1614185d11b1ae0bf74229cce0d11599109487; expires=Sat, 03-Oct-20 05:04:47 GMT; path=/; domain=.reqres.in; HttpOnly; SameSite=Lax; Secure[\r][\n]"
2020-09-03 10:37:12 DEBUG wire:72 -  << "X-Powered-By: Express[\r][\n]"
2020-09-03 10:37:12 DEBUG wire:72 -  << "Access-Control-Allow-Origin: *[\r][\n]"
2020-09-03 10:37:12 DEBUG wire:72 -  << "Etag: W/"173-1Z8bn0V7UjH6FK7NCaza1ccWXQk"[\r][\n]"
2020-09-03 10:37:12 DEBUG wire:72 -  << "Via: 1.1 vegur[\r][\n]"
2020-09-03 10:37:12 DEBUG wire:72 -  << "Cache-Control: max-age=14400[\r][\n]"
2020-09-03 10:37:12 DEBUG wire:72 -  << "CF-Cache-Status: HIT[\r][\n]"
2020-09-03 10:37:12 DEBUG wire:72 -  << "Age: 566[\r][\n]"
2020-09-03 10:37:12 DEBUG wire:72 -  << "cf-request-id: 04f3f37290000006a6eb093200000001[\r][\n]"
2020-09-03 10:37:12 DEBUG wire:72 -  << "Expect-CT: max-age=604800, report-uri="https://report-uri.cloudflare.com/cdn-cgi/beacon/expect-ct"[\r][\n]"
2020-09-03 10:37:12 DEBUG wire:72 -  << "Vary: Accept-Encoding[\r][\n]"
2020-09-03 10:37:12 DEBUG wire:72 -  << "Server: cloudflare[\r][\n]"
2020-09-03 10:37:12 DEBUG wire:72 -  << "CF-RAY: 5cccee974df306a6-LHR[\r][\n]"
2020-09-03 10:37:12 DEBUG wire:72 -  << "Content-Encoding: gzip[\r][\n]"
2020-09-03 10:37:12 DEBUG wire:72 -  << "[\r][\n]"
2020-09-03 10:37:12 DEBUG DefaultClientConnection:253 - Receiving response: HTTP/1.1 200 OK
2020-09-03 10:37:12 DEBUG headers:256 - << HTTP/1.1 200 OK
2020-09-03 10:37:12 DEBUG headers:259 - << Date: Thu, 03 Sep 2020 05:04:47 GMT
2020-09-03 10:37:12 DEBUG headers:259 - << Content-Type: application/json; charset=utf-8
2020-09-03 10:37:12 DEBUG headers:259 - << Transfer-Encoding: chunked
2020-09-03 10:37:12 DEBUG headers:259 - << Connection: keep-alive
2020-09-03 10:37:12 DEBUG headers:259 - << Set-Cookie: __cfduid=d422b1614185d11b1ae0bf74229cce0d11599109487; expires=Sat, 03-Oct-20 05:04:47 GMT; path=/; domain=.reqres.in; HttpOnly; SameSite=Lax; Secure
2020-09-03 10:37:12 DEBUG headers:259 - << X-Powered-By: Express
2020-09-03 10:37:12 DEBUG headers:259 - << Access-Control-Allow-Origin: *
2020-09-03 10:37:12 DEBUG headers:259 - << Etag: W/"173-1Z8bn0V7UjH6FK7NCaza1ccWXQk"
2020-09-03 10:37:12 DEBUG headers:259 - << Via: 1.1 vegur
2020-09-03 10:37:12 DEBUG headers:259 - << Cache-Control: max-age=14400
2020-09-03 10:37:12 DEBUG headers:259 - << CF-Cache-Status: HIT
2020-09-03 10:37:12 DEBUG headers:259 - << Age: 566
2020-09-03 10:37:12 DEBUG headers:259 - << cf-request-id: 04f3f37290000006a6eb093200000001
2020-09-03 10:37:12 DEBUG headers:259 - << Expect-CT: max-age=604800, report-uri="https://report-uri.cloudflare.com/cdn-cgi/beacon/expect-ct"
2020-09-03 10:37:12 DEBUG headers:259 - << Vary: Accept-Encoding
2020-09-03 10:37:12 DEBUG headers:259 - << Server: cloudflare
2020-09-03 10:37:12 DEBUG headers:259 - << CF-RAY: 5cccee974df306a6-LHR
2020-09-03 10:37:12 DEBUG headers:259 - << Content-Encoding: gzip
2020-09-03 10:37:12 DEBUG DefaultHttpClient:510 - Connection can be kept alive indefinitely
2020-09-03 10:37:12 DEBUG RequestSpecificationImpl$RestAssuredHttpBuilder:543 - Parsing response as: application/json; charset=utf-8
2020-09-03 10:37:12 DEBUG wire:72 -  << "111[\r][\n]"
2020-09-03 10:37:12 DEBUG wire:86 -  << "[0x1f]"
2020-09-03 10:37:12 DEBUG wire:86 -  << "[0x8b]"
2020-09-03 10:37:12 DEBUG wire:86 -  << "[0x8]"
2020-09-03 10:37:12 DEBUG wire:86 -  << "[0x0]"
2020-09-03 10:37:12 DEBUG wire:86 -  << "[0x0][0x0][0x0][0x0][0x0][0x3]"
2020-09-03 10:37:12 DEBUG RequestSpecificationImpl$RestAssuredHttpBuilder:546 - Parsed data to instance of: class org.apache.http.conn.EofSensorInputStream
2020-09-03 10:37:12 DEBUG wire:72 -  << "E[0x8e]?O[0xc3]@[0xc][0xc5][0xbf][0x8a][0xe5][0xf9][0x94][0x8]X[0xd0]M 6V[0x86][0x8e][0xc8][0xba]s[0x92]k[0x13]_[0xb0][0x9d][0x84]R[0xf5][0xbb][0xa3][0xb4]H,ox[0xf4]{[0x17][0xcc][0xe4][0x84][0xf1][0x82]%c|[0xc][0xc8][0x13][0x95][0x11]#[0x1e]I[0xd8][0x9b][0x8d]ie}Q[0xfe]R[0xb6][0xa6][0x8][0x6][0xec][0x8a][0x9a][\n]"
2020-09-03 10:37:12 DEBUG wire:72 -  << "M[0x8c][0x11][0xdf][0xf7][0x16][0x6][0x1c][0xe9][0xdf];[0xdc]6[0x18][0x90]VrR[0x8c]8[0xb8][0xcf][0x16][0xdb][0xd6][0x9e][0x1a][0x9a][0xe8][0xa7][\n]"
2020-09-03 10:37:12 DEBUG wire:86 -  << "m[0xd6][0xa4]:[0xb5]K[0xe9]([0xb1][0xb5]w[0xf5][0xad][0xb8][0xb3][0xb6][0xc7]j<[0xf][0xe6]\[0xa4]}x|n[0x8e]s[0x8f][0xd7][0x80][0x94][0xf7][0x9b][0xa9]N3[0xc9][0x19]#~8[0xf9]bo53[0x1c][0x98]O[0xe3][0x19][0x3].:[0xfe][0xf1]v[0xdc][0xad][0x90]j[0xe6][0xa6]j[0xdf]b@[0xe7]o[0xc7][0x88][0xaf][0xb0][0xdd][0x6] [0xbc][0xd9][0xc8];[0x14][0xba][0x9a][0x16]+[0xd2]C[0x15][0xb0][0xda][0xf9]F[0xca][0x90]y[0xe5][0xb1][0xce][0x13][0x8b][0x7]([0xd2])[0x99][0xeb][0x92]|Q[0xe][0xe0][0x3][0x83][0xb1][0xae][0xac][0x1]f[0xd6][0xae][0xea]D[0x92]8[0x0]I[0xbe][0x87]N[0xe9][0x4],[0x19]j[0x7]>[0x14][0xe9][0xad][0xc1][0xeb][0xf5][0x17]+[0xf5][0xf]us[0x1][0x0][0x0]"
2020-09-03 10:37:12 DEBUG wire:72 -  << "[\r][\n]"
2020-09-03 10:37:12 DEBUG wire:72 -  << "0[\r][\n]"
2020-09-03 10:37:12 DEBUG wire:72 -  << "[\r][\n]"
2020-09-03 10:37:12 DEBUG BasicClientConnectionManager:198 - Releasing connection org.apache.http.impl.conn.ManagedClientConnectionImpl@4abe0ae8
2020-09-03 10:37:12 DEBUG BasicClientConnectionManager:223 - Connection can be kept alive indefinitely
2020-09-03 10:37:14 INFO  VerificationManager:251 - PASS : Verify firstname of user Actual value : Janet is same as Expected value: Janet
2020-09-03 10:37:14 INFO  VerificationManager:251 - PASS : Verify lastname of user Actual value : Weaver is same as Expected value: Weaver
2020-09-03 10:37:14 INFO  TestNGRunner:51 - Started Uploading Results to Report Server...
2020-09-03 10:37:14 INFO  TestNGRunner:51 - Response : {"status":"Success","message":"Upload successfully done"}
2020-09-03 10:39:58 INFO  TestNGEngineForDesiredSuites:51 - INFO: The value found with Environment variable Atmecs is: Atmecs
2020-09-03 10:39:58 INFO  TestNGEngineForDesiredSuites:51 - INFO: The value found with Environment Module variable sample is: sample
2020-09-03 10:39:58 INFO  TestNGEngineForDesiredSuites:51 - INFO: Suites requested from user [Atmecs-sample]
2020-09-03 10:39:58 INFO  TestNGEngineForDesiredSuites:51 - INFO: Building suite for client: Atmecs

2020-09-03 10:39:58 INFO  TestNGEngineForDesiredSuites:51 - INFO: New Suite Created with name: Atmecs-Sample
2020-09-03 10:39:58 INFO  TestNGEngineForDesiredSuites:51 - <?xml version="1.0" encoding="UTF-8"?>
<!DOCTYPE suite SYSTEM "http://testng.org/testng-1.0.dtd">
<suite name="Atmecs-Sample">
  <test name="SampleTestCase">
    <classes>
      <class name="io.example.test.falcon_api_demo.testscript.GetUserTest"/>
    </classes>
  </test> <!-- SampleTestCase -->
</suite> <!-- Atmecs-Sample -->

2020-09-03 10:39:59 INFO  GetUserTest:51 - Making GET API call to get single user
2020-09-03 10:40:00 DEBUG BasicClientConnectionManager:160 - Get connection for route {s}->https://reqres.in:443
2020-09-03 10:40:00 DEBUG DefaultClientConnectionOperator:174 - Connecting to reqres.in:443
2020-09-03 10:40:02 DEBUG RequestAddCookies:122 - CookieSpec selected: ignoreCookies
2020-09-03 10:40:02 DEBUG RequestAuthCache:76 - Auth cache not set in the context
2020-09-03 10:40:02 DEBUG RequestTargetAuthentication:78 - Target auth state: UNCHALLENGED
2020-09-03 10:40:02 DEBUG RequestProxyAuthentication:87 - Proxy auth state: UNCHALLENGED
2020-09-03 10:40:02 DEBUG DefaultHttpClient:683 - Attempt 1 to execute request
2020-09-03 10:40:02 DEBUG DefaultClientConnection:268 - Sending request: GET /api/users/2 HTTP/1.1
2020-09-03 10:40:02 DEBUG wire:72 -  >> "GET /api/users/2 HTTP/1.1[\r][\n]"
2020-09-03 10:40:02 DEBUG wire:72 -  >> "Accept: */*[\r][\n]"
2020-09-03 10:40:02 DEBUG wire:72 -  >> "Content-Length: 0[\r][\n]"
2020-09-03 10:40:02 DEBUG wire:72 -  >> "Host: reqres.in[\r][\n]"
2020-09-03 10:40:02 DEBUG wire:72 -  >> "Connection: Keep-Alive[\r][\n]"
2020-09-03 10:40:02 DEBUG wire:72 -  >> "User-Agent: Apache-HttpClient/4.5.1 (Java/1.8.0_191)[\r][\n]"
2020-09-03 10:40:02 DEBUG wire:72 -  >> "Accept-Encoding: gzip,deflate[\r][\n]"
2020-09-03 10:40:02 DEBUG wire:72 -  >> "[\r][\n]"
2020-09-03 10:40:02 DEBUG headers:272 - >> GET /api/users/2 HTTP/1.1
2020-09-03 10:40:02 DEBUG headers:275 - >> Accept: */*
2020-09-03 10:40:02 DEBUG headers:275 - >> Content-Length: 0
2020-09-03 10:40:02 DEBUG headers:275 - >> Host: reqres.in
2020-09-03 10:40:02 DEBUG headers:275 - >> Connection: Keep-Alive
2020-09-03 10:40:02 DEBUG headers:275 - >> User-Agent: Apache-HttpClient/4.5.1 (Java/1.8.0_191)
2020-09-03 10:40:02 DEBUG headers:275 - >> Accept-Encoding: gzip,deflate
2020-09-03 10:40:02 DEBUG wire:72 -  << "HTTP/1.1 200 OK[\r][\n]"
2020-09-03 10:40:02 DEBUG wire:72 -  << "Date: Thu, 03 Sep 2020 05:07:37 GMT[\r][\n]"
2020-09-03 10:40:02 DEBUG wire:72 -  << "Content-Type: application/json; charset=utf-8[\r][\n]"
2020-09-03 10:40:02 DEBUG wire:72 -  << "Transfer-Encoding: chunked[\r][\n]"
2020-09-03 10:40:02 DEBUG wire:72 -  << "Connection: keep-alive[\r][\n]"
2020-09-03 10:40:02 DEBUG wire:72 -  << "Set-Cookie: __cfduid=d70c5f052116a3df7f828d451ea5a43921599109657; expires=Sat, 03-Oct-20 05:07:37 GMT; path=/; domain=.reqres.in; HttpOnly; SameSite=Lax; Secure[\r][\n]"
2020-09-03 10:40:02 DEBUG wire:72 -  << "X-Powered-By: Express[\r][\n]"
2020-09-03 10:40:02 DEBUG wire:72 -  << "Access-Control-Allow-Origin: *[\r][\n]"
2020-09-03 10:40:02 DEBUG wire:72 -  << "Etag: W/"173-1Z8bn0V7UjH6FK7NCaza1ccWXQk"[\r][\n]"
2020-09-03 10:40:02 DEBUG wire:72 -  << "Via: 1.1 vegur[\r][\n]"
2020-09-03 10:40:02 DEBUG wire:72 -  << "Cache-Control: max-age=14400[\r][\n]"
2020-09-03 10:40:02 DEBUG wire:72 -  << "CF-Cache-Status: HIT[\r][\n]"
2020-09-03 10:40:02 DEBUG wire:72 -  << "Age: 736[\r][\n]"
2020-09-03 10:40:02 DEBUG wire:72 -  << "cf-request-id: 04f3f60b60000006d980898200000001[\r][\n]"
2020-09-03 10:40:02 DEBUG wire:72 -  << "Expect-CT: max-age=604800, report-uri="https://report-uri.cloudflare.com/cdn-cgi/beacon/expect-ct"[\r][\n]"
2020-09-03 10:40:02 DEBUG wire:72 -  << "Vary: Accept-Encoding[\r][\n]"
2020-09-03 10:40:02 DEBUG wire:72 -  << "Server: cloudflare[\r][\n]"
2020-09-03 10:40:02 DEBUG wire:72 -  << "CF-RAY: 5cccf2bf095e06d9-LHR[\r][\n]"
2020-09-03 10:40:02 DEBUG wire:72 -  << "Content-Encoding: gzip[\r][\n]"
2020-09-03 10:40:02 DEBUG wire:72 -  << "[\r][\n]"
2020-09-03 10:40:02 DEBUG DefaultClientConnection:253 - Receiving response: HTTP/1.1 200 OK
2020-09-03 10:40:02 DEBUG headers:256 - << HTTP/1.1 200 OK
2020-09-03 10:40:02 DEBUG headers:259 - << Date: Thu, 03 Sep 2020 05:07:37 GMT
2020-09-03 10:40:02 DEBUG headers:259 - << Content-Type: application/json; charset=utf-8
2020-09-03 10:40:02 DEBUG headers:259 - << Transfer-Encoding: chunked
2020-09-03 10:40:02 DEBUG headers:259 - << Connection: keep-alive
2020-09-03 10:40:02 DEBUG headers:259 - << Set-Cookie: __cfduid=d70c5f052116a3df7f828d451ea5a43921599109657; expires=Sat, 03-Oct-20 05:07:37 GMT; path=/; domain=.reqres.in; HttpOnly; SameSite=Lax; Secure
2020-09-03 10:40:02 DEBUG headers:259 - << X-Powered-By: Express
2020-09-03 10:40:02 DEBUG headers:259 - << Access-Control-Allow-Origin: *
2020-09-03 10:40:02 DEBUG headers:259 - << Etag: W/"173-1Z8bn0V7UjH6FK7NCaza1ccWXQk"
2020-09-03 10:40:02 DEBUG headers:259 - << Via: 1.1 vegur
2020-09-03 10:40:02 DEBUG headers:259 - << Cache-Control: max-age=14400
2020-09-03 10:40:02 DEBUG headers:259 - << CF-Cache-Status: HIT
2020-09-03 10:40:02 DEBUG headers:259 - << Age: 736
2020-09-03 10:40:02 DEBUG headers:259 - << cf-request-id: 04f3f60b60000006d980898200000001
2020-09-03 10:40:02 DEBUG headers:259 - << Expect-CT: max-age=604800, report-uri="https://report-uri.cloudflare.com/cdn-cgi/beacon/expect-ct"
2020-09-03 10:40:02 DEBUG headers:259 - << Vary: Accept-Encoding
2020-09-03 10:40:02 DEBUG headers:259 - << Server: cloudflare
2020-09-03 10:40:02 DEBUG headers:259 - << CF-RAY: 5cccf2bf095e06d9-LHR
2020-09-03 10:40:02 DEBUG headers:259 - << Content-Encoding: gzip
2020-09-03 10:40:02 DEBUG DefaultHttpClient:510 - Connection can be kept alive indefinitely
2020-09-03 10:40:02 DEBUG RequestSpecificationImpl$RestAssuredHttpBuilder:543 - Parsing response as: application/json; charset=utf-8
2020-09-03 10:40:02 DEBUG wire:72 -  << "111[\r][\n]"
2020-09-03 10:40:02 DEBUG wire:86 -  << "[0x1f]"
2020-09-03 10:40:02 DEBUG wire:86 -  << "[0x8b]"
2020-09-03 10:40:02 DEBUG wire:86 -  << "[0x8]"
2020-09-03 10:40:02 DEBUG wire:86 -  << "[0x0]"
2020-09-03 10:40:02 DEBUG wire:86 -  << "[0x0][0x0][0x0][0x0][0x0][0x3]"
2020-09-03 10:40:02 DEBUG RequestSpecificationImpl$RestAssuredHttpBuilder:546 - Parsed data to instance of: class org.apache.http.conn.EofSensorInputStream
2020-09-03 10:40:02 DEBUG wire:72 -  << "E[0x8e]?O[0xc3]@[0xc][0xc5][0xbf][0x8a][0xe5][0xf9][0x94][0x8]X[0xd0]M 6V[0x86][0x8e][0xc8][0xba]s[0x92]k[0x13]_[0xb0][0x9d][0x84]R[0xf5][0xbb][0xa3][0xb4]H,ox[0xf4]{[0x17][0xcc][0xe4][0x84][0xf1][0x82]%c|[0xc][0xc8][0x13][0x95][0x11]#[0x1e]I[0xd8][0x9b][0x8d]ie}Q[0xfe]R[0xb6][0xa6][0x8][0x6][0xec][0x8a][0x9a][\n]"
2020-09-03 10:40:02 DEBUG wire:72 -  << "M[0x8c][0x11][0xdf][0xf7][0x16][0x6][0x1c][0xe9][0xdf];[0xdc]6[0x18][0x90]VrR[0x8c]8[0xb8][0xcf][0x16][0xdb][0xd6][0x9e][0x1a][0x9a][0xe8][0xa7][\n]"
2020-09-03 10:40:02 DEBUG wire:86 -  << "m[0xd6][0xa4]:[0xb5]K[0xe9]([0xb1][0xb5]w[0xf5][0xad][0xb8][0xb3][0xb6][0xc7]j<[0xf][0xe6]\[0xa4]}x|n[0x8e]s[0x8f][0xd7][0x80][0x94][0xf7][0x9b][0xa9]N3[0xc9][0x19]#~8[0xf9]bo53[0x1c][0x98]O[0xe3][0x19][0x3].:[0xfe][0xf1]v[0xdc][0xad][0x90]j[0xe6][0xa6]j[0xdf]b@[0xe7]o[0xc7][0x88][0xaf][0xb0][0xdd][0x6] [0xbc][0xd9][0xc8];[0x14][0xba][0x9a][0x16]+[0xd2]C[0x15][0xb0][0xda][0xf9]F[0xca][0x90]y[0xe5][0xb1][0xce][0x13][0x8b][0x7]([0xd2])[0x99][0xeb][0x92]|Q[0xe][0xe0][0x3][0x83][0xb1][0xae][0xac][0x1]f[0xd6][0xae][0xea]D[0x92]8[0x0]I[0xbe][0x87]N[0xe9][0x4],[0x19]j[0x7]>[0x14][0xe9][0xad][0xc1][0xeb][0xf5][0x17]+[0xf5][0xf]us[0x1][0x0][0x0]"
2020-09-03 10:40:02 DEBUG wire:72 -  << "[\r][\n]"
2020-09-03 10:40:02 DEBUG wire:72 -  << "0[\r][\n]"
2020-09-03 10:40:02 DEBUG wire:72 -  << "[\r][\n]"
2020-09-03 10:40:02 DEBUG BasicClientConnectionManager:198 - Releasing connection org.apache.http.impl.conn.ManagedClientConnectionImpl@25fc8fa8
2020-09-03 10:40:02 DEBUG BasicClientConnectionManager:223 - Connection can be kept alive indefinitely
2020-09-03 10:40:03 INFO  VerificationManager:251 - PASS : Verify firstname of user Actual value : Janet is same as Expected value: Janet
2020-09-03 10:40:03 INFO  VerificationManager:251 - PASS : Verify lastname of user Actual value : Weaver is same as Expected value: Weaver
2020-09-03 10:40:03 INFO  TestNGRunner:51 - Started Uploading Results to Report Server...
2020-09-03 10:40:03 INFO  TestNGRunner:51 - Response : {"status":"Success","message":"Upload successfully done"}
2020-09-03 10:41:07 INFO  TestNGEngineForDesiredSuites:51 - INFO: The value found with Environment variable Atmecs is: Atmecs
2020-09-03 10:41:07 INFO  TestNGEngineForDesiredSuites:51 - INFO: The value found with Environment Module variable sample is: sample
2020-09-03 10:41:07 INFO  TestNGEngineForDesiredSuites:51 - INFO: Suites requested from user [Atmecs-sample]
2020-09-03 10:41:07 INFO  TestNGEngineForDesiredSuites:51 - INFO: Building suite for client: Atmecs

2020-09-03 10:41:07 INFO  TestNGEngineForDesiredSuites:51 - INFO: New Suite Created with name: Atmecs-Sample
2020-09-03 10:41:07 INFO  TestNGEngineForDesiredSuites:51 - <?xml version="1.0" encoding="UTF-8"?>
<!DOCTYPE suite SYSTEM "http://testng.org/testng-1.0.dtd">
<suite name="Atmecs-Sample">
  <test name="SampleTestCase">
    <classes>
      <class name="io.example.test.falcon_api_demo.testscript.GetUserTest"/>
    </classes>
  </test> <!-- SampleTestCase -->
</suite> <!-- Atmecs-Sample -->

2020-09-03 10:41:08 INFO  GetUserTest:51 - Making GET API call to get single user
2020-09-03 10:41:09 DEBUG BasicClientConnectionManager:160 - Get connection for route {s}->https://reqres.in:443
2020-09-03 10:41:09 DEBUG DefaultClientConnectionOperator:174 - Connecting to reqres.in:443
2020-09-03 10:41:10 DEBUG RequestAddCookies:122 - CookieSpec selected: ignoreCookies
2020-09-03 10:41:10 DEBUG RequestAuthCache:76 - Auth cache not set in the context
2020-09-03 10:41:10 DEBUG RequestTargetAuthentication:78 - Target auth state: UNCHALLENGED
2020-09-03 10:41:10 DEBUG RequestProxyAuthentication:87 - Proxy auth state: UNCHALLENGED
2020-09-03 10:41:10 DEBUG DefaultHttpClient:683 - Attempt 1 to execute request
2020-09-03 10:41:10 DEBUG DefaultClientConnection:268 - Sending request: GET /api/users/2 HTTP/1.1
2020-09-03 10:41:10 DEBUG wire:72 -  >> "GET /api/users/2 HTTP/1.1[\r][\n]"
2020-09-03 10:41:10 DEBUG wire:72 -  >> "Accept: */*[\r][\n]"
2020-09-03 10:41:10 DEBUG wire:72 -  >> "Content-Length: 0[\r][\n]"
2020-09-03 10:41:10 DEBUG wire:72 -  >> "Host: reqres.in[\r][\n]"
2020-09-03 10:41:10 DEBUG wire:72 -  >> "Connection: Keep-Alive[\r][\n]"
2020-09-03 10:41:10 DEBUG wire:72 -  >> "User-Agent: Apache-HttpClient/4.5.1 (Java/1.8.0_191)[\r][\n]"
2020-09-03 10:41:10 DEBUG wire:72 -  >> "Accept-Encoding: gzip,deflate[\r][\n]"
2020-09-03 10:41:10 DEBUG wire:72 -  >> "[\r][\n]"
2020-09-03 10:41:10 DEBUG headers:272 - >> GET /api/users/2 HTTP/1.1
2020-09-03 10:41:10 DEBUG headers:275 - >> Accept: */*
2020-09-03 10:41:10 DEBUG headers:275 - >> Content-Length: 0
2020-09-03 10:41:10 DEBUG headers:275 - >> Host: reqres.in
2020-09-03 10:41:10 DEBUG headers:275 - >> Connection: Keep-Alive
2020-09-03 10:41:10 DEBUG headers:275 - >> User-Agent: Apache-HttpClient/4.5.1 (Java/1.8.0_191)
2020-09-03 10:41:10 DEBUG headers:275 - >> Accept-Encoding: gzip,deflate
2020-09-03 10:41:11 DEBUG wire:72 -  << "HTTP/1.1 200 OK[\r][\n]"
2020-09-03 10:41:11 DEBUG wire:72 -  << "Date: Thu, 03 Sep 2020 05:08:46 GMT[\r][\n]"
2020-09-03 10:41:11 DEBUG wire:72 -  << "Content-Type: application/json; charset=utf-8[\r][\n]"
2020-09-03 10:41:11 DEBUG wire:72 -  << "Transfer-Encoding: chunked[\r][\n]"
2020-09-03 10:41:11 DEBUG wire:72 -  << "Connection: keep-alive[\r][\n]"
2020-09-03 10:41:11 DEBUG wire:72 -  << "Set-Cookie: __cfduid=d05e0347082befe88c32adc1481fd66711599109726; expires=Sat, 03-Oct-20 05:08:46 GMT; path=/; domain=.reqres.in; HttpOnly; SameSite=Lax; Secure[\r][\n]"
2020-09-03 10:41:11 DEBUG wire:72 -  << "X-Powered-By: Express[\r][\n]"
2020-09-03 10:41:11 DEBUG wire:72 -  << "Access-Control-Allow-Origin: *[\r][\n]"
2020-09-03 10:41:11 DEBUG wire:72 -  << "Etag: W/"173-1Z8bn0V7UjH6FK7NCaza1ccWXQk"[\r][\n]"
2020-09-03 10:41:11 DEBUG wire:72 -  << "Via: 1.1 vegur[\r][\n]"
2020-09-03 10:41:11 DEBUG wire:72 -  << "Cache-Control: max-age=14400[\r][\n]"
2020-09-03 10:41:11 DEBUG wire:72 -  << "CF-Cache-Status: HIT[\r][\n]"
2020-09-03 10:41:11 DEBUG wire:72 -  << "Age: 805[\r][\n]"
2020-09-03 10:41:11 DEBUG wire:72 -  << "cf-request-id: 04f3f7179f000006d96e01a200000001[\r][\n]"
2020-09-03 10:41:11 DEBUG wire:72 -  << "Expect-CT: max-age=604800, report-uri="https://report-uri.cloudflare.com/cdn-cgi/beacon/expect-ct"[\r][\n]"
2020-09-03 10:41:11 DEBUG wire:72 -  << "Vary: Accept-Encoding[\r][\n]"
2020-09-03 10:41:11 DEBUG wire:72 -  << "Server: cloudflare[\r][\n]"
2020-09-03 10:41:11 DEBUG wire:72 -  << "CF-RAY: 5cccf46c3b9f06d9-LHR[\r][\n]"
2020-09-03 10:41:11 DEBUG wire:72 -  << "Content-Encoding: gzip[\r][\n]"
2020-09-03 10:41:11 DEBUG wire:72 -  << "[\r][\n]"
2020-09-03 10:41:11 DEBUG DefaultClientConnection:253 - Receiving response: HTTP/1.1 200 OK
2020-09-03 10:41:11 DEBUG headers:256 - << HTTP/1.1 200 OK
2020-09-03 10:41:11 DEBUG headers:259 - << Date: Thu, 03 Sep 2020 05:08:46 GMT
2020-09-03 10:41:11 DEBUG headers:259 - << Content-Type: application/json; charset=utf-8
2020-09-03 10:41:11 DEBUG headers:259 - << Transfer-Encoding: chunked
2020-09-03 10:41:11 DEBUG headers:259 - << Connection: keep-alive
2020-09-03 10:41:11 DEBUG headers:259 - << Set-Cookie: __cfduid=d05e0347082befe88c32adc1481fd66711599109726; expires=Sat, 03-Oct-20 05:08:46 GMT; path=/; domain=.reqres.in; HttpOnly; SameSite=Lax; Secure
2020-09-03 10:41:11 DEBUG headers:259 - << X-Powered-By: Express
2020-09-03 10:41:11 DEBUG headers:259 - << Access-Control-Allow-Origin: *
2020-09-03 10:41:11 DEBUG headers:259 - << Etag: W/"173-1Z8bn0V7UjH6FK7NCaza1ccWXQk"
2020-09-03 10:41:11 DEBUG headers:259 - << Via: 1.1 vegur
2020-09-03 10:41:11 DEBUG headers:259 - << Cache-Control: max-age=14400
2020-09-03 10:41:11 DEBUG headers:259 - << CF-Cache-Status: HIT
2020-09-03 10:41:11 DEBUG headers:259 - << Age: 805
2020-09-03 10:41:11 DEBUG headers:259 - << cf-request-id: 04f3f7179f000006d96e01a200000001
2020-09-03 10:41:11 DEBUG headers:259 - << Expect-CT: max-age=604800, report-uri="https://report-uri.cloudflare.com/cdn-cgi/beacon/expect-ct"
2020-09-03 10:41:11 DEBUG headers:259 - << Vary: Accept-Encoding
2020-09-03 10:41:11 DEBUG headers:259 - << Server: cloudflare
2020-09-03 10:41:11 DEBUG headers:259 - << CF-RAY: 5cccf46c3b9f06d9-LHR
2020-09-03 10:41:11 DEBUG headers:259 - << Content-Encoding: gzip
2020-09-03 10:41:11 DEBUG DefaultHttpClient:510 - Connection can be kept alive indefinitely
2020-09-03 10:41:11 DEBUG RequestSpecificationImpl$RestAssuredHttpBuilder:543 - Parsing response as: application/json; charset=utf-8
2020-09-03 10:41:11 DEBUG wire:72 -  << "111[\r][\n]"
2020-09-03 10:41:11 DEBUG wire:86 -  << "[0x1f]"
2020-09-03 10:41:11 DEBUG wire:86 -  << "[0x8b]"
2020-09-03 10:41:11 DEBUG wire:86 -  << "[0x8]"
2020-09-03 10:41:11 DEBUG wire:86 -  << "[0x0]"
2020-09-03 10:41:11 DEBUG wire:86 -  << "[0x0][0x0][0x0][0x0][0x0][0x3]"
2020-09-03 10:41:11 DEBUG RequestSpecificationImpl$RestAssuredHttpBuilder:546 - Parsed data to instance of: class org.apache.http.conn.EofSensorInputStream
2020-09-03 10:41:11 DEBUG wire:72 -  << "E[0x8e]?O[0xc3]@[0xc][0xc5][0xbf][0x8a][0xe5][0xf9][0x94][0x8]X[0xd0]M 6V[0x86][0x8e][0xc8][0xba]s[0x92]k[0x13]_[0xb0][0x9d][0x84]R[0xf5][0xbb][0xa3][0xb4]H,ox[0xf4]{[0x17][0xcc][0xe4][0x84][0xf1][0x82]%c|[0xc][0xc8][0x13][0x95][0x11]#[0x1e]I[0xd8][0x9b][0x8d]ie}Q[0xfe]R[0xb6][0xa6][0x8][0x6][0xec][0x8a][0x9a][\n]"
2020-09-03 10:41:11 DEBUG wire:72 -  << "M[0x8c][0x11][0xdf][0xf7][0x16][0x6][0x1c][0xe9][0xdf];[0xdc]6[0x18][0x90]VrR[0x8c]8[0xb8][0xcf][0x16][0xdb][0xd6][0x9e][0x1a][0x9a][0xe8][0xa7][\n]"
2020-09-03 10:41:11 DEBUG wire:86 -  << "m[0xd6][0xa4]:[0xb5]K[0xe9]([0xb1][0xb5]w[0xf5][0xad][0xb8][0xb3][0xb6][0xc7]j<[0xf][0xe6]\[0xa4]}x|n[0x8e]s[0x8f][0xd7][0x80][0x94][0xf7][0x9b][0xa9]N3[0xc9][0x19]#~8[0xf9]bo53[0x1c][0x98]O[0xe3][0x19][0x3].:[0xfe][0xf1]v[0xdc][0xad][0x90]j[0xe6][0xa6]j[0xdf]b@[0xe7]o[0xc7][0x88][0xaf][0xb0][0xdd][0x6] [0xbc][0xd9][0xc8];[0x14][0xba][0x9a][0x16]+[0xd2]C[0x15][0xb0][0xda][0xf9]F[0xca][0x90]y[0xe5][0xb1][0xce][0x13][0x8b][0x7]([0xd2])[0x99][0xeb][0x92]|Q[0xe][0xe0][0x3][0x83][0xb1][0xae][0xac][0x1]f[0xd6][0xae][0xea]D[0x92]8[0x0]I[0xbe][0x87]N[0xe9][0x4],[0x19]j[0x7]>[0x14][0xe9][0xad][0xc1][0xeb][0xf5][0x17]+[0xf5][0xf]us[0x1][0x0][0x0]"
2020-09-03 10:41:11 DEBUG wire:72 -  << "[\r][\n]"
2020-09-03 10:41:11 DEBUG wire:72 -  << "0[\r][\n]"
2020-09-03 10:41:11 DEBUG wire:72 -  << "[\r][\n]"
2020-09-03 10:41:11 DEBUG BasicClientConnectionManager:198 - Releasing connection org.apache.http.impl.conn.ManagedClientConnectionImpl@28e7f8b1
2020-09-03 10:41:11 DEBUG BasicClientConnectionManager:223 - Connection can be kept alive indefinitely
2020-09-03 10:41:12 INFO  VerificationManager:251 - PASS : Verify firstname of user Actual value : Janet is same as Expected value: Janet
2020-09-03 10:41:12 INFO  VerificationManager:251 - PASS : Verify lastname of user Actual value : Weaver is same as Expected value: Weaver
2020-09-03 10:41:12 INFO  TestNGRunner:51 - Started Uploading Results to Report Server...
2020-09-03 10:41:12 INFO  TestNGRunner:51 - Response : {"status":"Success","message":"Upload successfully done"}
